<?xml version="1.0" encoding="UTF-8"?>
<!-- Generated by org.testng.reporters.JUnitReportReporter -->
<testsuite hostname="LAPTOP-LG4K5LS5" failures="0" tests="1" name="com.crm.comcastContactTest.CreateContactTest" time="0.024" errors="0" timestamp="2022-01-25T16:19:41 IST" skipped="0">
  <testcase classname="com.crm.comcastContactTest.CreateContactTest" name="createContactTest" time="0.024"/>
  <system-out/>
</testsuite> <!-- com.crm.comcastContactTest.CreateContactTest -->
