<?xml version="1.0" encoding="UTF-8"?>
<!-- Generated by org.testng.reporters.JUnitReportReporter -->
<testsuite hostname="LAPTOP-LG4K5LS5" failures="0" tests="1" name="com.crm.comcast.orgaTest.CreateOrganizationTest" time="0.013" errors="0" timestamp="2022-01-25T16:20:13 IST" skipped="0">
  <testcase classname="com.crm.comcast.orgaTest.CreateOrganizationTest" name="createorgsTest" time="0.013"/>
  <system-out/>
</testsuite> <!-- com.crm.comcast.orgaTest.CreateOrganizationTest -->
