<?xml version="1.0" encoding="UTF-8"?>
<!-- Generated by org.testng.reporters.JUnitReportReporter -->
<testsuite hostname="LAPTOP-LG4K5LS5" failures="0" tests="2" name="com.crm.orgaTest.CreateOrgTest" time="3.184" errors="0" timestamp="2022-01-26T16:08:02 IST" skipped="0">
  <testcase classname="com.crm.orgaTest.CreateOrgTest" name="createOrgaTest" time="3.181"/>
  <system-out/>
  <testcase classname="com.crm.orgaTest.CreateOrgTest" name="modifyOrgaTest" time="0.003"/>
  <system-out/>
</testsuite> <!-- com.crm.orgaTest.CreateOrgTest -->
