<?xml version="1.0" encoding="UTF-8"?>
<!-- Generated by org.testng.reporters.JUnitReportReporter -->
<testsuite hostname="LAPTOP-LG4K5LS5" failures="0" tests="1" name="com.crm.dummyTest.DummyDemo" time="0.011" errors="0" timestamp="2022-01-27T14:48:20 IST" skipped="0">
  <testcase classname="com.crm.dummyTest.DummyDemo" name="dummyOne" time="0.011"/>
  <system-out/>
</testsuite> <!-- com.crm.dummyTest.DummyDemo -->
